Analysis & Synthesis report for Upsampling
Mon Dec 03 13:53:52 2018
Quartus II 64-Bit Version 13.0.1 Build 232 06/12/2013 Service Pack 1 SJ Web Edition


---------------------
; Table of Contents ;
---------------------
  1. Legal Notice
  2. Analysis & Synthesis Summary
  3. Analysis & Synthesis Settings
  4. Parallel Compilation
  5. Analysis & Synthesis Source Files Read
  6. Analysis & Synthesis Resource Usage Summary
  7. Analysis & Synthesis Resource Utilization by Entity
  8. Analysis & Synthesis IP Cores Summary
  9. Registers Removed During Synthesis
 10. Removed Registers Triggering Further Register Optimizations
 11. General Register Statistics
 12. Source assignments for Memory:RegBank|altsyncram:altsyncram_component|altsyncram_e7a1:auto_generated
 13. Parameter Settings for User Entity Instance: Memory:RegBank|altsyncram:altsyncram_component
 14. altsyncram Parameter Settings by Entity Instance
 15. Port Connectivity Checks: "Memory:RegBank"
 16. Elapsed Time Per Partition
 17. Analysis & Synthesis Messages



----------------
; Legal Notice ;
----------------
Copyright (C) 1991-2013 Altera Corporation
Your use of Altera Corporation's design tools, logic functions 
and other software and tools, and its AMPP partner logic 
functions, and any output files from any of the foregoing 
(including device programming or simulation files), and any 
associated documentation or information are expressly subject 
to the terms and conditions of the Altera Program License 
Subscription Agreement, Altera MegaCore Function License 
Agreement, or other applicable license agreement, including, 
without limitation, that your use is for the sole purpose of 
programming logic devices manufactured by Altera and sold by 
Altera or its authorized distributors.  Please refer to the 
applicable agreement for further details.



+--------------------------------------------------------------------------------------+
; Analysis & Synthesis Summary                                                         ;
+------------------------------------+-------------------------------------------------+
; Analysis & Synthesis Status        ; Successful - Mon Dec 03 13:53:52 2018           ;
; Quartus II 64-Bit Version          ; 13.0.1 Build 232 06/12/2013 SP 1 SJ Web Edition ;
; Revision Name                      ; Upsampling                                      ;
; Top-level Entity Name              ; Upsampling                                      ;
; Family                             ; Cyclone II                                      ;
; Total logic elements               ; 0                                               ;
;     Total combinational functions  ; 0                                               ;
;     Dedicated logic registers      ; 0                                               ;
; Total registers                    ; 0                                               ;
; Total pins                         ; 29                                              ;
; Total virtual pins                 ; 0                                               ;
; Total memory bits                  ; 0                                               ;
; Embedded Multiplier 9-bit elements ; 0                                               ;
; Total PLLs                         ; 0                                               ;
+------------------------------------+-------------------------------------------------+


+----------------------------------------------------------------------------------------------------------------------+
; Analysis & Synthesis Settings                                                                                        ;
+----------------------------------------------------------------------------+--------------------+--------------------+
; Option                                                                     ; Setting            ; Default Value      ;
+----------------------------------------------------------------------------+--------------------+--------------------+
; Top-level entity name                                                      ; Upsampling         ; Upsampling         ;
; Family name                                                                ; Cyclone II         ; Cyclone IV GX      ;
; Use smart compilation                                                      ; Off                ; Off                ;
; Enable parallel Assembler and TimeQuest Timing Analyzer during compilation ; On                 ; On                 ;
; Enable compact report table                                                ; Off                ; Off                ;
; Restructure Multiplexers                                                   ; Auto               ; Auto               ;
; Create Debugging Nodes for IP Cores                                        ; Off                ; Off                ;
; Preserve fewer node names                                                  ; On                 ; On                 ;
; Disable OpenCore Plus hardware evaluation                                  ; Off                ; Off                ;
; Verilog Version                                                            ; Verilog_2001       ; Verilog_2001       ;
; VHDL Version                                                               ; VHDL_1993          ; VHDL_1993          ;
; State Machine Processing                                                   ; Auto               ; Auto               ;
; Safe State Machine                                                         ; Off                ; Off                ;
; Extract Verilog State Machines                                             ; On                 ; On                 ;
; Extract VHDL State Machines                                                ; On                 ; On                 ;
; Ignore Verilog initial constructs                                          ; Off                ; Off                ;
; Iteration limit for constant Verilog loops                                 ; 5000               ; 5000               ;
; Iteration limit for non-constant Verilog loops                             ; 250                ; 250                ;
; Add Pass-Through Logic to Inferred RAMs                                    ; On                 ; On                 ;
; Infer RAMs from Raw Logic                                                  ; On                 ; On                 ;
; Parallel Synthesis                                                         ; On                 ; On                 ;
; DSP Block Balancing                                                        ; Auto               ; Auto               ;
; NOT Gate Push-Back                                                         ; On                 ; On                 ;
; Power-Up Don't Care                                                        ; On                 ; On                 ;
; Remove Redundant Logic Cells                                               ; Off                ; Off                ;
; Remove Duplicate Registers                                                 ; On                 ; On                 ;
; Ignore CARRY Buffers                                                       ; Off                ; Off                ;
; Ignore CASCADE Buffers                                                     ; Off                ; Off                ;
; Ignore GLOBAL Buffers                                                      ; Off                ; Off                ;
; Ignore ROW GLOBAL Buffers                                                  ; Off                ; Off                ;
; Ignore LCELL Buffers                                                       ; Off                ; Off                ;
; Ignore SOFT Buffers                                                        ; On                 ; On                 ;
; Limit AHDL Integers to 32 Bits                                             ; Off                ; Off                ;
; Optimization Technique                                                     ; Balanced           ; Balanced           ;
; Carry Chain Length                                                         ; 70                 ; 70                 ;
; Auto Carry Chains                                                          ; On                 ; On                 ;
; Auto Open-Drain Pins                                                       ; On                 ; On                 ;
; Perform WYSIWYG Primitive Resynthesis                                      ; Off                ; Off                ;
; Auto ROM Replacement                                                       ; On                 ; On                 ;
; Auto RAM Replacement                                                       ; On                 ; On                 ;
; Auto Shift Register Replacement                                            ; Auto               ; Auto               ;
; Allow Shift Register Merging across Hierarchies                            ; Auto               ; Auto               ;
; Auto Clock Enable Replacement                                              ; On                 ; On                 ;
; Strict RAM Replacement                                                     ; Off                ; Off                ;
; Allow Synchronous Control Signals                                          ; On                 ; On                 ;
; Force Use of Synchronous Clear Signals                                     ; Off                ; Off                ;
; Auto RAM to Logic Cell Conversion                                          ; Off                ; Off                ;
; Auto Resource Sharing                                                      ; Off                ; Off                ;
; Allow Any RAM Size For Recognition                                         ; Off                ; Off                ;
; Allow Any ROM Size For Recognition                                         ; Off                ; Off                ;
; Allow Any Shift Register Size For Recognition                              ; Off                ; Off                ;
; Use LogicLock Constraints during Resource Balancing                        ; On                 ; On                 ;
; Ignore translate_off and synthesis_off directives                          ; Off                ; Off                ;
; Timing-Driven Synthesis                                                    ; Off                ; Off                ;
; Report Parameter Settings                                                  ; On                 ; On                 ;
; Report Source Assignments                                                  ; On                 ; On                 ;
; Report Connectivity Checks                                                 ; On                 ; On                 ;
; Ignore Maximum Fan-Out Assignments                                         ; Off                ; Off                ;
; Synchronization Register Chain Length                                      ; 2                  ; 2                  ;
; PowerPlay Power Optimization                                               ; Normal compilation ; Normal compilation ;
; HDL message level                                                          ; Level2             ; Level2             ;
; Suppress Register Optimization Related Messages                            ; Off                ; Off                ;
; Number of Removed Registers Reported in Synthesis Report                   ; 5000               ; 5000               ;
; Number of Swept Nodes Reported in Synthesis Report                         ; 5000               ; 5000               ;
; Number of Inverted Registers Reported in Synthesis Report                  ; 100                ; 100                ;
; Clock MUX Protection                                                       ; On                 ; On                 ;
; Auto Gated Clock Conversion                                                ; Off                ; Off                ;
; Block Design Naming                                                        ; Auto               ; Auto               ;
; SDC constraint protection                                                  ; Off                ; Off                ;
; Synthesis Effort                                                           ; Auto               ; Auto               ;
; Shift Register Replacement - Allow Asynchronous Clear Signal               ; On                 ; On                 ;
; Pre-Mapping Resynthesis Optimization                                       ; Off                ; Off                ;
; Analysis & Synthesis Message Level                                         ; Medium             ; Medium             ;
; Disable Register Merging Across Hierarchies                                ; Auto               ; Auto               ;
; Resource Aware Inference For Block RAM                                     ; On                 ; On                 ;
; Synthesis Seed                                                             ; 1                  ; 1                  ;
+----------------------------------------------------------------------------+--------------------+--------------------+


Parallel compilation was disabled, but you have multiple processors available. Enable parallel compilation to reduce compilation time.
+-------------------------------------+
; Parallel Compilation                ;
+----------------------------+--------+
; Processors                 ; Number ;
+----------------------------+--------+
; Number detected on machine ; 8      ;
; Maximum allowed            ; 1      ;
+----------------------------+--------+


+-----------------------------------------------------------------------------------------------------------------------------------------------------------------------+
; Analysis & Synthesis Source Files Read                                                                                                                                ;
+----------------------------------+-----------------+------------------------------+-------------------------------------------------------------------------+---------+
; File Name with User-Entered Path ; Used in Netlist ; File Type                    ; File Name with Absolute Path                                            ; Library ;
+----------------------------------+-----------------+------------------------------+-------------------------------------------------------------------------+---------+
; Passador.vhd                     ; yes             ; User VHDL File               ; D:/GitHub/Upsampling/Passador.vhd                                       ;         ;
; Memory.vhd                       ; yes             ; User Wizard-Generated File   ; D:/GitHub/Upsampling/Memory.vhd                                         ;         ;
; Interpolador.vhd                 ; yes             ; User VHDL File               ; D:/GitHub/Upsampling/Interpolador.vhd                                   ;         ;
; Upsampling.vhd                   ; yes             ; User VHDL File               ; D:/GitHub/Upsampling/Upsampling.vhd                                     ;         ;
; altsyncram.tdf                   ; yes             ; Megafunction                 ; c:/altera/13.0sp1/quartus/libraries/megafunctions/altsyncram.tdf        ;         ;
; stratix_ram_block.inc            ; yes             ; Megafunction                 ; c:/altera/13.0sp1/quartus/libraries/megafunctions/stratix_ram_block.inc ;         ;
; lpm_mux.inc                      ; yes             ; Megafunction                 ; c:/altera/13.0sp1/quartus/libraries/megafunctions/lpm_mux.inc           ;         ;
; lpm_decode.inc                   ; yes             ; Megafunction                 ; c:/altera/13.0sp1/quartus/libraries/megafunctions/lpm_decode.inc        ;         ;
; aglobal130.inc                   ; yes             ; Megafunction                 ; c:/altera/13.0sp1/quartus/libraries/megafunctions/aglobal130.inc        ;         ;
; a_rdenreg.inc                    ; yes             ; Megafunction                 ; c:/altera/13.0sp1/quartus/libraries/megafunctions/a_rdenreg.inc         ;         ;
; altrom.inc                       ; yes             ; Megafunction                 ; c:/altera/13.0sp1/quartus/libraries/megafunctions/altrom.inc            ;         ;
; altram.inc                       ; yes             ; Megafunction                 ; c:/altera/13.0sp1/quartus/libraries/megafunctions/altram.inc            ;         ;
; altdpram.inc                     ; yes             ; Megafunction                 ; c:/altera/13.0sp1/quartus/libraries/megafunctions/altdpram.inc          ;         ;
; db/altsyncram_e7a1.tdf           ; yes             ; Auto-Generated Megafunction  ; D:/GitHub/Upsampling/db/altsyncram_e7a1.tdf                             ;         ;
+----------------------------------+-----------------+------------------------------+-------------------------------------------------------------------------+---------+


+-----------------------------------------------------+
; Analysis & Synthesis Resource Usage Summary         ;
+---------------------------------------------+-------+
; Resource                                    ; Usage ;
+---------------------------------------------+-------+
;                                             ;       ;
; Total combinational functions               ; 0     ;
; Logic element usage by number of LUT inputs ;       ;
;     -- 4 input functions                    ; 0     ;
;     -- 3 input functions                    ; 0     ;
;     -- <=2 input functions                  ; 0     ;
;                                             ;       ;
; Logic elements by mode                      ;       ;
;     -- normal mode                          ; 0     ;
;     -- arithmetic mode                      ; 0     ;
;                                             ;       ;
; Total registers                             ; 0     ;
;     -- Dedicated logic registers            ; 0     ;
;     -- I/O registers                        ; 0     ;
;                                             ;       ;
; I/O pins                                    ; 29    ;
; Embedded Multiplier 9-bit elements          ; 0     ;
+---------------------------------------------+-------+


+-----------------------------------------------------------------------------------------------------------------------------------------------------------------------------+
; Analysis & Synthesis Resource Utilization by Entity                                                                                                                         ;
+----------------------------+-------------------+--------------+-------------+--------------+---------+-----------+------+--------------+---------------------+--------------+
; Compilation Hierarchy Node ; LC Combinationals ; LC Registers ; Memory Bits ; DSP Elements ; DSP 9x9 ; DSP 18x18 ; Pins ; Virtual Pins ; Full Hierarchy Name ; Library Name ;
+----------------------------+-------------------+--------------+-------------+--------------+---------+-----------+------+--------------+---------------------+--------------+
; |Upsampling                ; 0 (0)             ; 0 (0)        ; 0           ; 0            ; 0       ; 0         ; 29   ; 0            ; |Upsampling         ; work         ;
+----------------------------+-------------------+--------------+-------------+--------------+---------+-----------+------+--------------+---------------------+--------------+
Note: For table entries with two numbers listed, the numbers in parentheses indicate the number of resources of the given type used by the specific entity alone. The numbers listed outside of parentheses indicate the total resources of the given type used by the specific entity and all of its sub-entities in the hierarchy.


+------------------------------------------------------------------------------------------------------------------------------+
; Analysis & Synthesis IP Cores Summary                                                                                        ;
+--------+--------------+---------+--------------+--------------+----------------------------+---------------------------------+
; Vendor ; IP Core Name ; Version ; Release Date ; License Type ; Entity Instance            ; IP Include File                 ;
+--------+--------------+---------+--------------+--------------+----------------------------+---------------------------------+
; Altera ; RAM: 1-PORT  ; N/A     ; N/A          ; N/A          ; |Upsampling|Memory:RegBank ; D:/GitHub/Upsampling/Memory.vhd ;
+--------+--------------+---------+--------------+--------------+----------------------------+---------------------------------+


+--------------------------------------------------------------------------------------------------------------+
; Registers Removed During Synthesis                                                                           ;
+--------------------------------------------------+-----------------------------------------------------------+
; Register name                                    ; Reason for Removal                                        ;
+--------------------------------------------------+-----------------------------------------------------------+
; Interpolador:Interpolador1|amostraOUT2[3..7]     ; Stuck at GND due to stuck port data_in                    ;
; Interpolador:Interpolador1|HH[0,1]               ; Stuck at GND due to stuck port data_in                    ;
; Interpolador:Interpolador1|GG[0,1]               ; Stuck at GND due to stuck port data_in                    ;
; Passador:Passador1|in0[0]                        ; Merged with Passador:Passador1|saida0[0]                  ;
; Passador:Passador1|in0[1]                        ; Merged with Passador:Passador1|saida0[1]                  ;
; Passador:Passador1|in0[2]                        ; Merged with Passador:Passador1|saida0[2]                  ;
; Passador:Passador1|in0[3]                        ; Merged with Passador:Passador1|saida0[3]                  ;
; Passador:Passador1|in0[4]                        ; Merged with Passador:Passador1|saida0[4]                  ;
; Passador:Passador1|in0[5]                        ; Merged with Passador:Passador1|saida0[5]                  ;
; Passador:Passador1|in0[6]                        ; Merged with Passador:Passador1|saida0[6]                  ;
; Passador:Passador1|in0[7]                        ; Merged with Passador:Passador1|saida0[7]                  ;
; Passador:Passador1|in1[0]                        ; Merged with Passador:Passador1|saida1[0]                  ;
; Passador:Passador1|in1[1]                        ; Merged with Passador:Passador1|saida1[1]                  ;
; Passador:Passador1|in1[2]                        ; Merged with Passador:Passador1|saida1[2]                  ;
; Passador:Passador1|in1[3]                        ; Merged with Passador:Passador1|saida1[3]                  ;
; Passador:Passador1|in1[4]                        ; Merged with Passador:Passador1|saida1[4]                  ;
; Passador:Passador1|in1[5]                        ; Merged with Passador:Passador1|saida1[5]                  ;
; Passador:Passador1|in1[6]                        ; Merged with Passador:Passador1|saida1[6]                  ;
; Passador:Passador1|in1[7]                        ; Merged with Passador:Passador1|saida1[7]                  ;
; Passador:Passador1|in2[0]                        ; Merged with Passador:Passador1|saida2[0]                  ;
; Passador:Passador1|in2[1]                        ; Merged with Passador:Passador1|saida2[1]                  ;
; Passador:Passador1|in2[2]                        ; Merged with Passador:Passador1|saida2[2]                  ;
; Passador:Passador1|in2[3]                        ; Merged with Passador:Passador1|saida2[3]                  ;
; Passador:Passador1|in2[4]                        ; Merged with Passador:Passador1|saida2[4]                  ;
; Passador:Passador1|in2[5]                        ; Merged with Passador:Passador1|saida2[5]                  ;
; Passador:Passador1|in3[0]                        ; Merged with Passador:Passador1|saida3[0]                  ;
; Passador:Passador1|in3[1]                        ; Merged with Passador:Passador1|saida3[1]                  ;
; Passador:Passador1|in3[2]                        ; Merged with Passador:Passador1|saida3[2]                  ;
; Passador:Passador1|in3[3]                        ; Merged with Passador:Passador1|saida3[3]                  ;
; Passador:Passador1|in3[4]                        ; Merged with Passador:Passador1|saida3[4]                  ;
; Passador:Passador1|in3[5]                        ; Merged with Passador:Passador1|saida3[5]                  ;
; Passador:Passador1|in4[0]                        ; Merged with Passador:Passador1|saida4[0]                  ;
; Passador:Passador1|in4[1]                        ; Merged with Passador:Passador1|saida4[1]                  ;
; Passador:Passador1|in4[2]                        ; Merged with Passador:Passador1|saida4[2]                  ;
; Passador:Passador1|in4[3]                        ; Merged with Passador:Passador1|saida4[3]                  ;
; Passador:Passador1|in4[4]                        ; Merged with Passador:Passador1|saida4[4]                  ;
; Passador:Passador1|in4[5]                        ; Merged with Passador:Passador1|saida4[5]                  ;
; Passador:Passador1|in4[6]                        ; Merged with Passador:Passador1|saida4[6]                  ;
; Passador:Passador1|in4[7]                        ; Merged with Passador:Passador1|saida4[7]                  ;
; Interpolador:Interpolador1|amostraOUT[0]         ; Merged with Interpolador:Interpolador1|EE[0]              ;
; Interpolador:Interpolador1|amostraOUT[1]         ; Merged with Interpolador:Interpolador1|EE[1]              ;
; Interpolador:Interpolador1|amostraOUT[2]         ; Merged with Interpolador:Interpolador1|EE[2]              ;
; Interpolador:Interpolador1|amostraOUT[3]         ; Merged with Interpolador:Interpolador1|EE[3]              ;
; Interpolador:Interpolador1|amostraOUT[4]         ; Merged with Interpolador:Interpolador1|EE[4]              ;
; Interpolador:Interpolador1|amostraOUT[5]         ; Merged with Interpolador:Interpolador1|EE[5]              ;
; Interpolador:Interpolador1|amostraOUT[6]         ; Merged with Interpolador:Interpolador1|EE[6]              ;
; Interpolador:Interpolador1|amostraOUT[7]         ; Merged with Interpolador:Interpolador1|EE[7]              ;
; Interpolador:Interpolador1|processing            ; Stuck at GND due to stuck port data_in                    ;
; Interpolador:Interpolador1|auxEndereco[0..9]     ; Stuck at GND due to stuck port clock_enable               ;
; Interpolador:Interpolador1|amostraOUT2[0..2]     ; Stuck at GND due to stuck port clock_enable               ;
; Interpolador:Interpolador1|aux[5..7]             ; Stuck at GND due to stuck port clock_enable               ;
; Interpolador:Interpolador1|JJ[0..7]              ; Stuck at GND due to stuck port clock_enable               ;
; Interpolador:Interpolador1|II[0..7]              ; Stuck at GND due to stuck port clock_enable               ;
; Interpolador:Interpolador1|HH[2..7]              ; Stuck at GND due to stuck port clock_enable               ;
; Interpolador:Interpolador1|GG[2..7]              ; Stuck at GND due to stuck port clock_enable               ;
; Interpolador:Interpolador1|FF[0..7]              ; Stuck at GND due to stuck port clock_enable               ;
; Interpolador:Interpolador1|EE[0..7]              ; Stuck at GND due to stuck port clock_enable               ;
; Interpolador:Interpolador1|endereco[0..9]        ; Stuck at GND due to stuck port data_in                    ;
; Interpolador:Interpolador1|valido                ; Stuck at GND due to stuck port data_in                    ;
; Interpolador:Interpolador1|inicioImagem          ; Stuck at GND due to stuck port data_in                    ;
; Interpolador:Interpolador1|trocaLinha            ; Stuck at GND due to stuck port data_in                    ;
; Interpolador:Interpolador1|auxTrocaLinha[0..8]   ; Stuck at GND due to stuck port clock_enable               ;
; Interpolador:Interpolador1|auxInicioImagem[1..8] ; Merged with Interpolador:Interpolador1|auxInicioImagem[0] ;
; Interpolador:Interpolador1|auxInicioImagem[0]    ; Stuck at VCC due to stuck port data_in                    ;
; Total Number of Removed Registers = 145          ;                                                           ;
+--------------------------------------------------+-----------------------------------------------------------+


+-----------------------------------------------------------------------------------------------------------------------------------------------------+
; Removed Registers Triggering Further Register Optimizations                                                                                         ;
+---------------------------------------+---------------------------+---------------------------------------------------------------------------------+
; Register name                         ; Reason for Removal        ; Registers Removed due to This Register                                          ;
+---------------------------------------+---------------------------+---------------------------------------------------------------------------------+
; Interpolador:Interpolador1|processing ; Stuck at GND              ; Interpolador:Interpolador1|auxEndereco[6],                                      ;
;                                       ; due to stuck port data_in ; Interpolador:Interpolador1|auxEndereco[5],                                      ;
;                                       ;                           ; Interpolador:Interpolador1|auxEndereco[4],                                      ;
;                                       ;                           ; Interpolador:Interpolador1|auxEndereco[3],                                      ;
;                                       ;                           ; Interpolador:Interpolador1|auxEndereco[2],                                      ;
;                                       ;                           ; Interpolador:Interpolador1|auxEndereco[1],                                      ;
;                                       ;                           ; Interpolador:Interpolador1|auxEndereco[0],                                      ;
;                                       ;                           ; Interpolador:Interpolador1|auxEndereco[7],                                      ;
;                                       ;                           ; Interpolador:Interpolador1|auxEndereco[8],                                      ;
;                                       ;                           ; Interpolador:Interpolador1|auxEndereco[9],                                      ;
;                                       ;                           ; Interpolador:Interpolador1|amostraOUT2[0],                                      ;
;                                       ;                           ; Interpolador:Interpolador1|amostraOUT2[1],                                      ;
;                                       ;                           ; Interpolador:Interpolador1|amostraOUT2[2], Interpolador:Interpolador1|JJ[0],    ;
;                                       ;                           ; Interpolador:Interpolador1|JJ[1], Interpolador:Interpolador1|JJ[2],             ;
;                                       ;                           ; Interpolador:Interpolador1|JJ[3], Interpolador:Interpolador1|JJ[4],             ;
;                                       ;                           ; Interpolador:Interpolador1|JJ[5], Interpolador:Interpolador1|JJ[6],             ;
;                                       ;                           ; Interpolador:Interpolador1|JJ[7], Interpolador:Interpolador1|II[0],             ;
;                                       ;                           ; Interpolador:Interpolador1|II[1], Interpolador:Interpolador1|II[2],             ;
;                                       ;                           ; Interpolador:Interpolador1|II[3], Interpolador:Interpolador1|II[4],             ;
;                                       ;                           ; Interpolador:Interpolador1|II[5], Interpolador:Interpolador1|II[6],             ;
;                                       ;                           ; Interpolador:Interpolador1|II[7], Interpolador:Interpolador1|HH[2],             ;
;                                       ;                           ; Interpolador:Interpolador1|HH[3], Interpolador:Interpolador1|HH[4],             ;
;                                       ;                           ; Interpolador:Interpolador1|HH[5], Interpolador:Interpolador1|HH[6],             ;
;                                       ;                           ; Interpolador:Interpolador1|HH[7], Interpolador:Interpolador1|GG[2],             ;
;                                       ;                           ; Interpolador:Interpolador1|GG[3], Interpolador:Interpolador1|GG[4],             ;
;                                       ;                           ; Interpolador:Interpolador1|GG[5], Interpolador:Interpolador1|GG[6],             ;
;                                       ;                           ; Interpolador:Interpolador1|GG[7], Interpolador:Interpolador1|FF[0],             ;
;                                       ;                           ; Interpolador:Interpolador1|FF[1], Interpolador:Interpolador1|FF[2],             ;
;                                       ;                           ; Interpolador:Interpolador1|FF[3], Interpolador:Interpolador1|FF[4],             ;
;                                       ;                           ; Interpolador:Interpolador1|FF[5], Interpolador:Interpolador1|FF[6],             ;
;                                       ;                           ; Interpolador:Interpolador1|FF[7], Interpolador:Interpolador1|EE[0],             ;
;                                       ;                           ; Interpolador:Interpolador1|EE[1], Interpolador:Interpolador1|EE[2],             ;
;                                       ;                           ; Interpolador:Interpolador1|EE[3], Interpolador:Interpolador1|EE[4],             ;
;                                       ;                           ; Interpolador:Interpolador1|EE[5], Interpolador:Interpolador1|EE[6],             ;
;                                       ;                           ; Interpolador:Interpolador1|EE[7], Interpolador:Interpolador1|endereco[0],       ;
;                                       ;                           ; Interpolador:Interpolador1|endereco[1], Interpolador:Interpolador1|endereco[2], ;
;                                       ;                           ; Interpolador:Interpolador1|endereco[3], Interpolador:Interpolador1|endereco[4], ;
;                                       ;                           ; Interpolador:Interpolador1|endereco[5], Interpolador:Interpolador1|endereco[6], ;
;                                       ;                           ; Interpolador:Interpolador1|endereco[7], Interpolador:Interpolador1|endereco[8], ;
;                                       ;                           ; Interpolador:Interpolador1|endereco[9], Interpolador:Interpolador1|valido,      ;
;                                       ;                           ; Interpolador:Interpolador1|inicioImagem, Interpolador:Interpolador1|trocaLinha, ;
;                                       ;                           ; Interpolador:Interpolador1|auxTrocaLinha[1],                                    ;
;                                       ;                           ; Interpolador:Interpolador1|auxTrocaLinha[2],                                    ;
;                                       ;                           ; Interpolador:Interpolador1|auxTrocaLinha[3],                                    ;
;                                       ;                           ; Interpolador:Interpolador1|auxTrocaLinha[4],                                    ;
;                                       ;                           ; Interpolador:Interpolador1|auxTrocaLinha[5],                                    ;
;                                       ;                           ; Interpolador:Interpolador1|auxTrocaLinha[6],                                    ;
;                                       ;                           ; Interpolador:Interpolador1|auxTrocaLinha[7],                                    ;
;                                       ;                           ; Interpolador:Interpolador1|auxTrocaLinha[8]                                     ;
; Interpolador:Interpolador1|HH[0]      ; Stuck at GND              ; Interpolador:Interpolador1|aux[5], Interpolador:Interpolador1|aux[6],           ;
;                                       ; due to stuck port data_in ; Interpolador:Interpolador1|aux[7]                                               ;
+---------------------------------------+---------------------------+---------------------------------------------------------------------------------+


+------------------------------------------------------+
; General Register Statistics                          ;
+----------------------------------------------+-------+
; Statistic                                    ; Value ;
+----------------------------------------------+-------+
; Total registers                              ; 0     ;
; Number of registers using Synchronous Clear  ; 0     ;
; Number of registers using Synchronous Load   ; 0     ;
; Number of registers using Asynchronous Clear ; 0     ;
; Number of registers using Asynchronous Load  ; 0     ;
; Number of registers using Clock Enable       ; 0     ;
; Number of registers using Preset             ; 0     ;
+----------------------------------------------+-------+


+------------------------------------------------------------------------------------------------------+
; Source assignments for Memory:RegBank|altsyncram:altsyncram_component|altsyncram_e7a1:auto_generated ;
+---------------------------------+--------------------+------+----------------------------------------+
; Assignment                      ; Value              ; From ; To                                     ;
+---------------------------------+--------------------+------+----------------------------------------+
; OPTIMIZE_POWER_DURING_SYNTHESIS ; NORMAL_COMPILATION ; -    ; -                                      ;
+---------------------------------+--------------------+------+----------------------------------------+


+---------------------------------------------------------------------------------------------+
; Parameter Settings for User Entity Instance: Memory:RegBank|altsyncram:altsyncram_component ;
+------------------------------------+----------------------+---------------------------------+
; Parameter Name                     ; Value                ; Type                            ;
+------------------------------------+----------------------+---------------------------------+
; BYTE_SIZE_BLOCK                    ; 8                    ; Untyped                         ;
; AUTO_CARRY_CHAINS                  ; ON                   ; AUTO_CARRY                      ;
; IGNORE_CARRY_BUFFERS               ; OFF                  ; IGNORE_CARRY                    ;
; AUTO_CASCADE_CHAINS                ; ON                   ; AUTO_CASCADE                    ;
; IGNORE_CASCADE_BUFFERS             ; OFF                  ; IGNORE_CASCADE                  ;
; WIDTH_BYTEENA                      ; 1                    ; Untyped                         ;
; OPERATION_MODE                     ; SINGLE_PORT          ; Untyped                         ;
; WIDTH_A                            ; 8                    ; Signed Integer                  ;
; WIDTHAD_A                          ; 10                   ; Signed Integer                  ;
; NUMWORDS_A                         ; 1024                 ; Signed Integer                  ;
; OUTDATA_REG_A                      ; CLOCK0               ; Untyped                         ;
; ADDRESS_ACLR_A                     ; NONE                 ; Untyped                         ;
; OUTDATA_ACLR_A                     ; NONE                 ; Untyped                         ;
; WRCONTROL_ACLR_A                   ; NONE                 ; Untyped                         ;
; INDATA_ACLR_A                      ; NONE                 ; Untyped                         ;
; BYTEENA_ACLR_A                     ; NONE                 ; Untyped                         ;
; WIDTH_B                            ; 1                    ; Untyped                         ;
; WIDTHAD_B                          ; 1                    ; Untyped                         ;
; NUMWORDS_B                         ; 1                    ; Untyped                         ;
; INDATA_REG_B                       ; CLOCK1               ; Untyped                         ;
; WRCONTROL_WRADDRESS_REG_B          ; CLOCK1               ; Untyped                         ;
; RDCONTROL_REG_B                    ; CLOCK1               ; Untyped                         ;
; ADDRESS_REG_B                      ; CLOCK1               ; Untyped                         ;
; OUTDATA_REG_B                      ; UNREGISTERED         ; Untyped                         ;
; BYTEENA_REG_B                      ; CLOCK1               ; Untyped                         ;
; INDATA_ACLR_B                      ; NONE                 ; Untyped                         ;
; WRCONTROL_ACLR_B                   ; NONE                 ; Untyped                         ;
; ADDRESS_ACLR_B                     ; NONE                 ; Untyped                         ;
; OUTDATA_ACLR_B                     ; NONE                 ; Untyped                         ;
; RDCONTROL_ACLR_B                   ; NONE                 ; Untyped                         ;
; BYTEENA_ACLR_B                     ; NONE                 ; Untyped                         ;
; WIDTH_BYTEENA_A                    ; 1                    ; Signed Integer                  ;
; WIDTH_BYTEENA_B                    ; 1                    ; Untyped                         ;
; RAM_BLOCK_TYPE                     ; AUTO                 ; Untyped                         ;
; BYTE_SIZE                          ; 8                    ; Untyped                         ;
; READ_DURING_WRITE_MODE_MIXED_PORTS ; DONT_CARE            ; Untyped                         ;
; READ_DURING_WRITE_MODE_PORT_A      ; NEW_DATA_NO_NBE_READ ; Untyped                         ;
; READ_DURING_WRITE_MODE_PORT_B      ; NEW_DATA_NO_NBE_READ ; Untyped                         ;
; INIT_FILE                          ; UNUSED               ; Untyped                         ;
; INIT_FILE_LAYOUT                   ; PORT_A               ; Untyped                         ;
; MAXIMUM_DEPTH                      ; 0                    ; Untyped                         ;
; CLOCK_ENABLE_INPUT_A               ; BYPASS               ; Untyped                         ;
; CLOCK_ENABLE_INPUT_B               ; NORMAL               ; Untyped                         ;
; CLOCK_ENABLE_OUTPUT_A              ; BYPASS               ; Untyped                         ;
; CLOCK_ENABLE_OUTPUT_B              ; NORMAL               ; Untyped                         ;
; CLOCK_ENABLE_CORE_A                ; USE_INPUT_CLKEN      ; Untyped                         ;
; CLOCK_ENABLE_CORE_B                ; USE_INPUT_CLKEN      ; Untyped                         ;
; ENABLE_ECC                         ; FALSE                ; Untyped                         ;
; ECC_PIPELINE_STAGE_ENABLED         ; FALSE                ; Untyped                         ;
; WIDTH_ECCSTATUS                    ; 3                    ; Untyped                         ;
; DEVICE_FAMILY                      ; Cyclone II           ; Untyped                         ;
; CBXI_PARAMETER                     ; altsyncram_e7a1      ; Untyped                         ;
+------------------------------------+----------------------+---------------------------------+
Note: In order to hide this table in the UI and the text report file, please set the "Show Parameter Settings in Synthesis Report" option in "Analysis and Synthesis Settings -> More Settings" to "Off".


+--------------------------------------------------------------------------------------------+
; altsyncram Parameter Settings by Entity Instance                                           ;
+-------------------------------------------+------------------------------------------------+
; Name                                      ; Value                                          ;
+-------------------------------------------+------------------------------------------------+
; Number of entity instances                ; 1                                              ;
; Entity Instance                           ; Memory:RegBank|altsyncram:altsyncram_component ;
;     -- OPERATION_MODE                     ; SINGLE_PORT                                    ;
;     -- WIDTH_A                            ; 8                                              ;
;     -- NUMWORDS_A                         ; 1024                                           ;
;     -- OUTDATA_REG_A                      ; CLOCK0                                         ;
;     -- WIDTH_B                            ; 1                                              ;
;     -- NUMWORDS_B                         ; 1                                              ;
;     -- ADDRESS_REG_B                      ; CLOCK1                                         ;
;     -- OUTDATA_REG_B                      ; UNREGISTERED                                   ;
;     -- RAM_BLOCK_TYPE                     ; AUTO                                           ;
;     -- READ_DURING_WRITE_MODE_MIXED_PORTS ; DONT_CARE                                      ;
+-------------------------------------------+------------------------------------------------+


+--------------------------------------------+
; Port Connectivity Checks: "Memory:RegBank" ;
+------+-------+----------+------------------+
; Port ; Type  ; Severity ; Details          ;
+------+-------+----------+------------------+
; wren ; Input ; Info     ; Stuck at VCC     ;
+------+-------+----------+------------------+


+-------------------------------+
; Elapsed Time Per Partition    ;
+----------------+--------------+
; Partition Name ; Elapsed Time ;
+----------------+--------------+
; Top            ; 00:00:00     ;
+----------------+--------------+


+-------------------------------+
; Analysis & Synthesis Messages ;
+-------------------------------+
Info: *******************************************************************
Info: Running Quartus II 64-Bit Analysis & Synthesis
    Info: Version 13.0.1 Build 232 06/12/2013 Service Pack 1 SJ Web Edition
    Info: Processing started: Mon Dec 03 13:53:51 2018
Info: Command: quartus_map --read_settings_files=on --write_settings_files=off Upsampling -c Upsampling
Warning (20028): Parallel compilation is not licensed and has been disabled
Info (12021): Found 2 design units, including 1 entities, in source file passador.vhd
    Info (12022): Found design unit 1: Passador-Comportamento
    Info (12023): Found entity 1: Passador
Info (12021): Found 2 design units, including 1 entities, in source file memory.vhd
    Info (12022): Found design unit 1: memory-SYN
    Info (12023): Found entity 1: Memory
Info (12021): Found 2 design units, including 1 entities, in source file interpolador.vhd
    Info (12022): Found design unit 1: Interpolador-behavioral
    Info (12023): Found entity 1: Interpolador
Info (12021): Found 2 design units, including 1 entities, in source file upsampling.vhd
    Info (12022): Found design unit 1: Upsampling-behavioral
    Info (12023): Found entity 1: Upsampling
Info (12127): Elaborating entity "Upsampling" for the top level hierarchy
Warning (10541): VHDL Signal Declaration warning at Upsampling.vhd(49): used implicit default value for signal "auxInicio" because signal was never assigned a value or an explicit default value. Use of implicit default value may introduce unintended design optimizations.
Warning (10492): VHDL Process Statement warning at Upsampling.vhd(97): signal "start" is read inside the Process Statement but isn't in the Process Statement's sensitivity list
Warning (10492): VHDL Process Statement warning at Upsampling.vhd(103): signal "result1" is read inside the Process Statement but isn't in the Process Statement's sensitivity list
Warning (10492): VHDL Process Statement warning at Upsampling.vhd(104): signal "result2" is read inside the Process Statement but isn't in the Process Statement's sensitivity list
Warning (10492): VHDL Process Statement warning at Upsampling.vhd(105): signal "auxValido" is read inside the Process Statement but isn't in the Process Statement's sensitivity list
Warning (10492): VHDL Process Statement warning at Upsampling.vhd(106): signal "auxTrocaLinha" is read inside the Process Statement but isn't in the Process Statement's sensitivity list
Warning (10492): VHDL Process Statement warning at Upsampling.vhd(113): signal "auxInicioImagem" is read inside the Process Statement but isn't in the Process Statement's sensitivity list
Warning (10631): VHDL Process Statement warning at Upsampling.vhd(89): inferring latch(es) for signal or variable "auxWriteEnable", which holds its previous value in one or more paths through the process
Info (10041): Inferred latch for "auxWriteEnable" at Upsampling.vhd(89)
Info (12128): Elaborating entity "Memory" for hierarchy "Memory:RegBank"
Info (12128): Elaborating entity "altsyncram" for hierarchy "Memory:RegBank|altsyncram:altsyncram_component"
Info (12130): Elaborated megafunction instantiation "Memory:RegBank|altsyncram:altsyncram_component"
Info (12133): Instantiated megafunction "Memory:RegBank|altsyncram:altsyncram_component" with the following parameter:
    Info (12134): Parameter "clock_enable_input_a" = "BYPASS"
    Info (12134): Parameter "clock_enable_output_a" = "BYPASS"
    Info (12134): Parameter "intended_device_family" = "Cyclone II"
    Info (12134): Parameter "lpm_hint" = "ENABLE_RUNTIME_MOD=NO"
    Info (12134): Parameter "lpm_type" = "altsyncram"
    Info (12134): Parameter "numwords_a" = "1024"
    Info (12134): Parameter "operation_mode" = "SINGLE_PORT"
    Info (12134): Parameter "outdata_aclr_a" = "NONE"
    Info (12134): Parameter "outdata_reg_a" = "CLOCK0"
    Info (12134): Parameter "power_up_uninitialized" = "FALSE"
    Info (12134): Parameter "widthad_a" = "10"
    Info (12134): Parameter "width_a" = "8"
    Info (12134): Parameter "width_byteena_a" = "1"
Info (12021): Found 1 design units, including 1 entities, in source file db/altsyncram_e7a1.tdf
    Info (12023): Found entity 1: altsyncram_e7a1
Info (12128): Elaborating entity "altsyncram_e7a1" for hierarchy "Memory:RegBank|altsyncram:altsyncram_component|altsyncram_e7a1:auto_generated"
Info (12128): Elaborating entity "Interpolador" for hierarchy "Interpolador:Interpolador1"
Info (12128): Elaborating entity "Passador" for hierarchy "Passador:Passador1"
Warning (14284): Synthesized away the following node(s):
    Warning (14285): Synthesized away the following RAM node(s):
        Warning (14320): Synthesized away node "Memory:RegBank|altsyncram:altsyncram_component|altsyncram_e7a1:auto_generated|q_a[0]"
        Warning (14320): Synthesized away node "Memory:RegBank|altsyncram:altsyncram_component|altsyncram_e7a1:auto_generated|q_a[1]"
        Warning (14320): Synthesized away node "Memory:RegBank|altsyncram:altsyncram_component|altsyncram_e7a1:auto_generated|q_a[2]"
        Warning (14320): Synthesized away node "Memory:RegBank|altsyncram:altsyncram_component|altsyncram_e7a1:auto_generated|q_a[3]"
        Warning (14320): Synthesized away node "Memory:RegBank|altsyncram:altsyncram_component|altsyncram_e7a1:auto_generated|q_a[4]"
        Warning (14320): Synthesized away node "Memory:RegBank|altsyncram:altsyncram_component|altsyncram_e7a1:auto_generated|q_a[5]"
        Warning (14320): Synthesized away node "Memory:RegBank|altsyncram:altsyncram_component|altsyncram_e7a1:auto_generated|q_a[6]"
        Warning (14320): Synthesized away node "Memory:RegBank|altsyncram:altsyncram_component|altsyncram_e7a1:auto_generated|q_a[7]"
Warning (13024): Output pins are stuck at VCC or GND
    Warning (13410): Pin "newLine" is stuck at GND
    Warning (13410): Pin "valido" is stuck at GND
    Warning (13410): Pin "sampleOut1[0]" is stuck at GND
    Warning (13410): Pin "sampleOut1[1]" is stuck at GND
    Warning (13410): Pin "sampleOut1[2]" is stuck at GND
    Warning (13410): Pin "sampleOut1[3]" is stuck at GND
    Warning (13410): Pin "sampleOut1[4]" is stuck at GND
    Warning (13410): Pin "sampleOut1[5]" is stuck at GND
    Warning (13410): Pin "sampleOut1[6]" is stuck at GND
    Warning (13410): Pin "sampleOut1[7]" is stuck at GND
    Warning (13410): Pin "sampleOut2[0]" is stuck at GND
    Warning (13410): Pin "sampleOut2[1]" is stuck at GND
    Warning (13410): Pin "sampleOut2[2]" is stuck at GND
    Warning (13410): Pin "sampleOut2[3]" is stuck at GND
    Warning (13410): Pin "sampleOut2[4]" is stuck at GND
    Warning (13410): Pin "sampleOut2[5]" is stuck at GND
    Warning (13410): Pin "sampleOut2[6]" is stuck at GND
    Warning (13410): Pin "sampleOut2[7]" is stuck at GND
Info (16010): Generating hard_block partition "hard_block:auto_generated_inst"
    Info (16011): Adding 0 node(s), including 0 DDIO, 0 PLL, 0 transceiver and 0 LCELL
Warning (21074): Design contains 11 input pin(s) that do not drive logic
    Warning (15610): No output dependent on input pin "sampleIn[0]"
    Warning (15610): No output dependent on input pin "sampleIn[1]"
    Warning (15610): No output dependent on input pin "sampleIn[2]"
    Warning (15610): No output dependent on input pin "sampleIn[3]"
    Warning (15610): No output dependent on input pin "sampleIn[4]"
    Warning (15610): No output dependent on input pin "sampleIn[5]"
    Warning (15610): No output dependent on input pin "sampleIn[6]"
    Warning (15610): No output dependent on input pin "sampleIn[7]"
    Warning (15610): No output dependent on input pin "clk"
    Warning (15610): No output dependent on input pin "start"
    Warning (15610): No output dependent on input pin "reset"
Info (21057): Implemented 29 device resources after synthesis - the final resource count might be different
    Info (21058): Implemented 11 input pins
    Info (21059): Implemented 18 output pins
Info: Quartus II 64-Bit Analysis & Synthesis was successful. 0 errors, 50 warnings
    Info: Peak virtual memory: 4671 megabytes
    Info: Processing ended: Mon Dec 03 13:53:52 2018
    Info: Elapsed time: 00:00:01
    Info: Total CPU time (on all processors): 00:00:02


